# JRE version: Java(TM) SE Runtime Environment (21.0.3+7) (build 21.0.3+7-LTS-152)
# Java VM: Java HotSpot(TM) 64-Bit Server VM (21.0.3+7-LTS-152, mixed mode, sharing, tiered, compressed oops, compressed class ptrs, g1 gc, windows-amd64)
GC Precious Log:
 CardTable entry size: 512
 Card Set container configuration: InlinePtr #cards 4 size 8 Array Of Cards #cards 16 size 48 Howl #buckets 8 coarsen threshold 3686 Howl Bitmap #cards 512 size 80 coarsen threshold 460 Card regions per heap region 1 cards per card region 4096
 CPUs: 12 total, 12 available
 Memory: 16016M
 Large Page Support: Disabled
 NUMA Support: Disabled
 Compressed Oops: Enabled (Zero based)
 Heap Region Size: 2M
 Heap Min Capacity: 8M
 Heap Initial Capacity: 252M
 Heap Max Capacity: 4006M
 Pre-touch: Disabled
 Parallel Workers: 10
 Concurrent Workers: 3
 Concurrent Refinement Workers: 10
 Periodic GC: Disabled
Heap:
 garbage-first heap   total 258048K, used 130105K [0x0000000705a00000, 0x0000000800000000)
  region size 2048K, 34 young (69632K), 2 survivors (4096K)
 Metaspace       used 14609K, committed 14720K, reserved 1114112K
  class space    used 1419K, committed 1472K, reserved 1048576K
GC Heap History (12 events):
Event: 2.645 GC heap before
{Heap before GC invocations=0 (full 0):
 garbage-first heap   total 258048K, used 24576K [0x0000000705a00000, 0x0000000800000000)
  region size 2048K, 11 young (22528K), 0 survivors (0K)
 Metaspace       used 6151K, committed 6272K, reserved 1114112K
  class space    used 609K, committed 640K, reserved 1048576K
}
Event: 2.735 GC heap after
{Heap after GC invocations=1 (full 0):
 garbage-first heap   total 258048K, used 11306K [0x0000000705a00000, 0x0000000800000000)
  region size 2048K, 2 young (4096K), 2 survivors (4096K)
 Metaspace       used 6151K, committed 6272K, reserved 1114112K
  class space    used 609K, committed 640K, reserved 1048576K
}
Event: 5.044 GC heap before
{Heap before GC invocations=1 (full 0):
 garbage-first heap   total 258048K, used 35882K [0x0000000705a00000, 0x0000000800000000)
  region size 2048K, 14 young (28672K), 2 survivors (4096K)
 Metaspace       used 10351K, committed 10496K, reserved 1114112K
  class space    used 1003K, committed 1024K, reserved 1048576K
}
Event: 5.052 GC heap after
{Heap after GC invocations=2 (full 0):
 garbage-first heap   total 258048K, used 16189K [0x0000000705a00000, 0x0000000800000000)
  region size 2048K, 2 young (4096K), 2 survivors (4096K)
 Metaspace       used 10351K, committed 10496K, reserved 1114112K
  class space    used 1003K, committed 1024K, reserved 1048576K
}
Event: 7.130 GC heap before
{Heap before GC invocations=2 (full 0):
 garbage-first heap   total 258048K, used 46909K [0x0000000705a00000, 0x0000000800000000)
  region size 2048K, 17 young (34816K), 2 survivors (4096K)
 Metaspace       used 10544K, committed 10624K, reserved 1114112K
  class space    used 1004K, committed 1024K, reserved 1048576K
}
Event: 7.135 GC heap after
{Heap after GC invocations=3 (full 0):
 garbage-first heap   total 258048K, used 17520K [0x0000000705a00000, 0x0000000800000000)
  region size 2048K, 1 young (2048K), 1 survivors (2048K)
 Metaspace       used 10544K, committed 10624K, reserved 1114112K
  class space    used 1004K, committed 1024K, reserved 1048576K
}
Event: 12.116 GC heap before
{Heap before GC invocations=3 (full 0):
 garbage-first heap   total 258048K, used 177264K [0x0000000705a00000, 0x0000000800000000)
  region size 2048K, 75 young (153600K), 1 survivors (2048K)
 Metaspace       used 14027K, committed 14144K, reserved 1114112K
  class space    used 1372K, committed 1408K, reserved 1048576K
}
Event: 12.151 GC heap after
{Heap after GC invocations=4 (full 0):
 garbage-first heap   total 258048K, used 61226K [0x0000000705a00000, 0x0000000800000000)
  region size 2048K, 10 young (20480K), 10 survivors (20480K)
 Metaspace       used 14027K, committed 14144K, reserved 1114112K
  class space    used 1372K, committed 1408K, reserved 1048576K
}
Event: 12.237 GC heap before
{Heap before GC invocations=4 (full 0):
 garbage-first heap   total 258048K, used 63274K [0x0000000705a00000, 0x0000000800000000)
  region size 2048K, 11 young (22528K), 10 survivors (20480K)
 Metaspace       used 14028K, committed 14144K, reserved 1114112K
  class space    used 1372K, committed 1408K, reserved 1048576K
}
Event: 12.253 GC heap after
{Heap after GC invocations=5 (full 0):
 garbage-first heap   total 258048K, used 66057K [0x0000000705a00000, 0x0000000800000000)
  region size 2048K, 2 young (4096K), 2 survivors (4096K)
 Metaspace       used 14028K, committed 14144K, reserved 1114112K
  class space    used 1372K, committed 1408K, reserved 1048576K
}
Event: 13.172 GC heap before
{Heap before GC invocations=5 (full 0):
 garbage-first heap   total 258048K, used 178697K [0x0000000705a00000, 0x0000000800000000)
  region size 2048K, 57 young (116736K), 2 survivors (4096K)
 Metaspace       used 14549K, committed 14720K, reserved 1114112K
  class space    used 1419K, committed 1472K, reserved 1048576K
}
Event: 13.176 GC heap after
{Heap after GC invocations=6 (full 0):
 garbage-first heap   total 258048K, used 66617K [0x0000000705a00000, 0x0000000800000000)
  region size 2048K, 2 young (4096K), 2 survivors (4096K)
 Metaspace       used 14549K, committed 14720K, reserved 1114112K
  class space    used 1419K, committed 1472K, reserved 1048576K
}

